0 info it worked if it ends with ok
1 verbose cli [
1 verbose cli   '/home/shani/.local/bin/node',
1 verbose cli   '/home/shani/.local/bin/npm',
1 verbose cli   'run',
1 verbose cli   'dev'
1 verbose cli ]
2 info using npm@3.5.2
3 info using node@v20.10.0
4 verbose run-script [ 'predev', 'dev', 'postdev' ]
5 info lifecycle my-v0-project@0.1.0~predev: my-v0-project@0.1.0
6 silly lifecycle my-v0-project@0.1.0~predev: no script for predev, continuing
7 info lifecycle my-v0-project@0.1.0~dev: my-v0-project@0.1.0
8 verbose lifecycle my-v0-project@0.1.0~dev: unsafe-perm in lifecycle true
9 verbose lifecycle my-v0-project@0.1.0~dev: PATH: /usr/local/lib/node_modules/npm/bin/node-gyp-bin:/home/shani/personalProjects/interviewAI/frontend/node_modules/.bin:/home/shani/.local/bin:/home/shani/bin:/usr/local/sbin:/usr/local/bin:/usr/sbin:/usr/bin:/sbin:/bin:/usr/games:/usr/local/games:/snap/bin:/home/shani/.local/share/JetBrains/Toolbox/scripts:/opt/mssql-tools/bin
10 verbose lifecycle my-v0-project@0.1.0~dev: CWD: /home/shani/personalProjects/interviewAI/frontend
11 silly lifecycle my-v0-project@0.1.0~dev: Args: [ '-c', 'next dev' ]
12 silly lifecycle my-v0-project@0.1.0~dev: Returned: code: 1  signal: null
13 info lifecycle my-v0-project@0.1.0~dev: Failed to exec dev script
14 verbose stack Error: my-v0-project@0.1.0 dev: `next dev`
14 verbose stack Exit status 1
14 verbose stack     at EventEmitter.<anonymous> (/usr/local/lib/node_modules/npm/lib/utils/lifecycle.js:232:16)
14 verbose stack     at EventEmitter.emit (node:events:514:28)
14 verbose stack     at ChildProcess.<anonymous> (/usr/local/lib/node_modules/npm/lib/utils/spawn.js:24:14)
14 verbose stack     at ChildProcess.emit (node:events:514:28)
14 verbose stack     at maybeClose (node:internal/child_process:1105:16)
14 verbose stack     at ChildProcess._handle.onexit (node:internal/child_process:305:5)
15 verbose pkgid my-v0-project@0.1.0
16 verbose cwd /home/shani/personalProjects/interviewAI/frontend
17 error Linux 5.15.0-139-generic
18 error argv "/home/shani/.local/bin/node" "/home/shani/.local/bin/npm" "run" "dev"
19 error node v20.10.0
20 error npm  v3.5.2
21 error code ELIFECYCLE
22 error my-v0-project@0.1.0 dev: `next dev`
22 error Exit status 1
23 error Failed at the my-v0-project@0.1.0 dev script 'next dev'.
23 error Make sure you have the latest version of node.js and npm installed.
23 error If you do, this is most likely a problem with the my-v0-project package,
23 error not with npm itself.
23 error Tell the author that this fails on your system:
23 error     next dev
23 error You can get information on how to open an issue for this project with:
23 error     npm bugs my-v0-project
23 error Or if that isn't available, you can get their info via:
23 error     npm owner ls my-v0-project
23 error There is likely additional logging output above.
24 verbose exit [ 1, true ]
