0 info it worked if it ends with ok
1 verbose cli [
1 verbose cli   '/home/shani/.local/bin/node',
1 verbose cli   '/home/shani/.local/bin/npm',
1 verbose cli   'run',
1 verbose cli   'build'
1 verbose cli ]
2 info using npm@3.5.2
3 info using node@v20.10.0
4 verbose config Skipping project config: /home/shani/.npmrc. (matches userconfig)
5 verbose stack Error: ENOENT: no such file or directory, open '/home/shani/package.json'
6 verbose cwd /home/shani/personalProjects/interviewAI
7 error Linux 5.15.0-139-generic
8 error argv "/home/shani/.local/bin/node" "/home/shani/.local/bin/npm" "run" "build"
9 error node v20.10.0
10 error npm  v3.5.2
11 error path /home/shani/package.json
12 error code ENOENT
13 error errno -2
14 error syscall open
15 error enoent ENOENT: no such file or directory, open '/home/shani/package.json'
16 error enoent ENOENT: no such file or directory, open '/home/shani/package.json'
16 error enoent This is most likely not a problem with npm itself
16 error enoent and is related to npm not being able to find a file.
17 verbose exit [ -2, true ]
